<?xml version="1.0" encoding="UTF-8"?>
<!-- Generated by org.testng.reporters.JUnitReportReporter -->
<testsuite skipped="1" hostname="VBOLLIMU-YJKRM" name="testcases.WHReviewPageTest" tests="1" failures="0" timestamp="2021-10-03T20:48:19 IST" time="0.000" errors="0">
  <testcase name="verifyReviewPageHeaded" time="0.000" classname="testcases.WHReviewPageTest">
    <skipped/>
  </testcase> <!-- verifyReviewPageHeaded -->
  <system-out/>
</testsuite> <!-- testcases.WHReviewPageTest -->
